0 info it worked if it ends with ok
1 verbose cli [ '/usr/bin/node', '/bin/npm', 'install' ]
2 info using npm@3.10.10
3 info using node@v6.14.2
4 silly loadCurrentTree Starting
5 silly install loadCurrentTree
6 silly install readLocalPackageData
7 silly install normalizeTree
8 silly loadCurrentTree Finishing
9 silly loadIdealTree Starting
10 silly install loadIdealTree
11 silly cloneCurrentTree Starting
12 silly install cloneCurrentTreeToIdealTree
13 silly cloneCurrentTree Finishing
14 silly loadShrinkwrap Starting
15 silly install loadShrinkwrap
16 silly loadShrinkwrap Finishing
17 silly loadAllDepsIntoIdealTree Starting
18 silly install loadAllDepsIntoIdealTree
19 silly fetchNamedPackageData axios
20 silly mapToRegistry name axios
21 silly mapToRegistry using default registry
22 silly mapToRegistry registry http://mirrors.tencentyun.com/npm/
23 silly mapToRegistry data Result {
23 silly mapToRegistry   raw: 'axios',
23 silly mapToRegistry   scope: null,
23 silly mapToRegistry   escapedName: 'axios',
23 silly mapToRegistry   name: 'axios',
23 silly mapToRegistry   rawSpec: '',
23 silly mapToRegistry   spec: 'latest',
23 silly mapToRegistry   type: 'tag' }
24 silly mapToRegistry uri http://mirrors.tencentyun.com/npm/axios
25 silly fetchNamedPackageData knex
26 silly mapToRegistry name knex
27 silly mapToRegistry using default registry
28 silly mapToRegistry registry http://mirrors.tencentyun.com/npm/
29 silly mapToRegistry data Result {
29 silly mapToRegistry   raw: 'knex',
29 silly mapToRegistry   scope: null,
29 silly mapToRegistry   escapedName: 'knex',
29 silly mapToRegistry   name: 'knex',
29 silly mapToRegistry   rawSpec: '',
29 silly mapToRegistry   spec: 'latest',
29 silly mapToRegistry   type: 'tag' }
30 silly mapToRegistry uri http://mirrors.tencentyun.com/npm/knex
31 silly fetchNamedPackageData koa
32 silly mapToRegistry name koa
33 silly mapToRegistry using default registry
34 silly mapToRegistry registry http://mirrors.tencentyun.com/npm/
35 silly mapToRegistry data Result {
35 silly mapToRegistry   raw: 'koa',
35 silly mapToRegistry   scope: null,
35 silly mapToRegistry   escapedName: 'koa',
35 silly mapToRegistry   name: 'koa',
35 silly mapToRegistry   rawSpec: '',
35 silly mapToRegistry   spec: 'latest',
35 silly mapToRegistry   type: 'tag' }
36 silly mapToRegistry uri http://mirrors.tencentyun.com/npm/koa
37 silly fetchNamedPackageData koa-bodyparser
38 silly mapToRegistry name koa-bodyparser
39 silly mapToRegistry using default registry
40 silly mapToRegistry registry http://mirrors.tencentyun.com/npm/
41 silly mapToRegistry data Result {
41 silly mapToRegistry   raw: 'koa-bodyparser',
41 silly mapToRegistry   scope: null,
41 silly mapToRegistry   escapedName: 'koa-bodyparser',
41 silly mapToRegistry   name: 'koa-bodyparser',
41 silly mapToRegistry   rawSpec: '',
41 silly mapToRegistry   spec: 'latest',
41 silly mapToRegistry   type: 'tag' }
42 silly mapToRegistry uri http://mirrors.tencentyun.com/npm/koa-bodyparser
43 silly fetchNamedPackageData koa-log4
44 silly mapToRegistry name koa-log4
45 silly mapToRegistry using default registry
46 silly mapToRegistry registry http://mirrors.tencentyun.com/npm/
47 silly mapToRegistry data Result {
47 silly mapToRegistry   raw: 'koa-log4',
47 silly mapToRegistry   scope: null,
47 silly mapToRegistry   escapedName: 'koa-log4',
47 silly mapToRegistry   name: 'koa-log4',
47 silly mapToRegistry   rawSpec: '',
47 silly mapToRegistry   spec: 'latest',
47 silly mapToRegistry   type: 'tag' }
48 silly mapToRegistry uri http://mirrors.tencentyun.com/npm/koa-log4
49 silly fetchNamedPackageData koa-router
50 silly mapToRegistry name koa-router
51 silly mapToRegistry using default registry
52 silly mapToRegistry registry http://mirrors.tencentyun.com/npm/
53 silly mapToRegistry data Result {
53 silly mapToRegistry   raw: 'koa-router',
53 silly mapToRegistry   scope: null,
53 silly mapToRegistry   escapedName: 'koa-router',
53 silly mapToRegistry   name: 'koa-router',
53 silly mapToRegistry   rawSpec: '',
53 silly mapToRegistry   spec: 'latest',
53 silly mapToRegistry   type: 'tag' }
54 silly mapToRegistry uri http://mirrors.tencentyun.com/npm/koa-router
55 silly fetchNamedPackageData lodash
56 silly mapToRegistry name lodash
57 silly mapToRegistry using default registry
58 silly mapToRegistry registry http://mirrors.tencentyun.com/npm/
59 silly mapToRegistry data Result {
59 silly mapToRegistry   raw: 'lodash',
59 silly mapToRegistry   scope: null,
59 silly mapToRegistry   escapedName: 'lodash',
59 silly mapToRegistry   name: 'lodash',
59 silly mapToRegistry   rawSpec: '',
59 silly mapToRegistry   spec: 'latest',
59 silly mapToRegistry   type: 'tag' }
60 silly mapToRegistry uri http://mirrors.tencentyun.com/npm/lodash
61 silly fetchNamedPackageData mkdir-p
62 silly mapToRegistry name mkdir-p
63 silly mapToRegistry using default registry
64 silly mapToRegistry registry http://mirrors.tencentyun.com/npm/
65 silly mapToRegistry data Result {
65 silly mapToRegistry   raw: 'mkdir-p',
65 silly mapToRegistry   scope: null,
65 silly mapToRegistry   escapedName: 'mkdir-p',
65 silly mapToRegistry   name: 'mkdir-p',
65 silly mapToRegistry   rawSpec: '',
65 silly mapToRegistry   spec: 'latest',
65 silly mapToRegistry   type: 'tag' }
66 silly mapToRegistry uri http://mirrors.tencentyun.com/npm/mkdir-p
67 silly fetchNamedPackageData mysql
68 silly mapToRegistry name mysql
69 silly mapToRegistry using default registry
70 silly mapToRegistry registry http://mirrors.tencentyun.com/npm/
71 silly mapToRegistry data Result {
71 silly mapToRegistry   raw: 'mysql',
71 silly mapToRegistry   scope: null,
71 silly mapToRegistry   escapedName: 'mysql',
71 silly mapToRegistry   name: 'mysql',
71 silly mapToRegistry   rawSpec: '',
71 silly mapToRegistry   spec: 'latest',
71 silly mapToRegistry   type: 'tag' }
72 silly mapToRegistry uri http://mirrors.tencentyun.com/npm/mysql
73 silly fetchNamedPackageData pify
74 silly mapToRegistry name pify
75 silly mapToRegistry using default registry
76 silly mapToRegistry registry http://mirrors.tencentyun.com/npm/
77 silly mapToRegistry data Result {
77 silly mapToRegistry   raw: 'pify',
77 silly mapToRegistry   scope: null,
77 silly mapToRegistry   escapedName: 'pify',
77 silly mapToRegistry   name: 'pify',
77 silly mapToRegistry   rawSpec: '',
77 silly mapToRegistry   spec: 'latest',
77 silly mapToRegistry   type: 'tag' }
78 silly mapToRegistry uri http://mirrors.tencentyun.com/npm/pify
79 silly fetchNamedPackageData wafer-node-sdk
80 silly mapToRegistry name wafer-node-sdk
81 silly mapToRegistry using default registry
82 silly mapToRegistry registry http://mirrors.tencentyun.com/npm/
83 silly mapToRegistry data Result {
83 silly mapToRegistry   raw: 'wafer-node-sdk',
83 silly mapToRegistry   scope: null,
83 silly mapToRegistry   escapedName: 'wafer-node-sdk',
83 silly mapToRegistry   name: 'wafer-node-sdk',
83 silly mapToRegistry   rawSpec: '',
83 silly mapToRegistry   spec: 'latest',
83 silly mapToRegistry   type: 'tag' }
84 silly mapToRegistry uri http://mirrors.tencentyun.com/npm/wafer-node-sdk
85 verbose request uri http://mirrors.tencentyun.com/npm/axios
86 verbose request no auth needed
87 info attempt registry request try #1 at 下午3:43:05
88 verbose request id 99590b55454ce8a5
89 http request GET http://mirrors.tencentyun.com/npm/axios
90 verbose request uri http://mirrors.tencentyun.com/npm/knex
91 verbose request no auth needed
92 info attempt registry request try #1 at 下午3:43:05
93 http request GET http://mirrors.tencentyun.com/npm/knex
94 verbose request uri http://mirrors.tencentyun.com/npm/koa
95 verbose request no auth needed
96 info attempt registry request try #1 at 下午3:43:05
97 http request GET http://mirrors.tencentyun.com/npm/koa
98 verbose request uri http://mirrors.tencentyun.com/npm/koa-bodyparser
99 verbose request no auth needed
100 info attempt registry request try #1 at 下午3:43:05
101 http request GET http://mirrors.tencentyun.com/npm/koa-bodyparser
102 verbose request uri http://mirrors.tencentyun.com/npm/koa-log4
103 verbose request no auth needed
104 info attempt registry request try #1 at 下午3:43:05
105 http request GET http://mirrors.tencentyun.com/npm/koa-log4
106 verbose request uri http://mirrors.tencentyun.com/npm/koa-router
107 verbose request no auth needed
108 info attempt registry request try #1 at 下午3:43:05
109 http request GET http://mirrors.tencentyun.com/npm/koa-router
110 verbose request uri http://mirrors.tencentyun.com/npm/lodash
111 verbose request no auth needed
112 info attempt registry request try #1 at 下午3:43:05
113 http request GET http://mirrors.tencentyun.com/npm/lodash
114 verbose request uri http://mirrors.tencentyun.com/npm/mkdir-p
115 verbose request no auth needed
116 info attempt registry request try #1 at 下午3:43:05
117 http request GET http://mirrors.tencentyun.com/npm/mkdir-p
118 verbose request uri http://mirrors.tencentyun.com/npm/mysql
119 verbose request no auth needed
120 info attempt registry request try #1 at 下午3:43:05
121 http request GET http://mirrors.tencentyun.com/npm/mysql
122 verbose request uri http://mirrors.tencentyun.com/npm/pify
123 verbose request no auth needed
124 info attempt registry request try #1 at 下午3:43:05
125 http request GET http://mirrors.tencentyun.com/npm/pify
126 verbose request uri http://mirrors.tencentyun.com/npm/wafer-node-sdk
127 verbose request no auth needed
128 info attempt registry request try #1 at 下午3:43:05
129 http request GET http://mirrors.tencentyun.com/npm/wafer-node-sdk
130 http 200 http://mirrors.tencentyun.com/npm/mkdir-p
131 verbose headers { server: 'tnginx/OpenCloud_tnginx_1.3.0',
131 verbose headers   date: 'Wed, 30 May 2018 07:43:06 GMT',
131 verbose headers   'content-type': 'application/json; charset=utf-8',
131 verbose headers   'content-length': '7836',
131 verbose headers   connection: 'keep-alive',
131 verbose headers   'x-current-requests': '1',
131 verbose headers   etag: '"1e9c-U6q/IYWAtAGnk1a6x3L+W2o8DuQ"',
131 verbose headers   'x-readtime': '49' }
132 silly get cb [ 200,
132 silly get   { server: 'tnginx/OpenCloud_tnginx_1.3.0',
132 silly get     date: 'Wed, 30 May 2018 07:43:06 GMT',
132 silly get     'content-type': 'application/json; charset=utf-8',
132 silly get     'content-length': '7836',
132 silly get     connection: 'keep-alive',
132 silly get     'x-current-requests': '1',
132 silly get     etag: '"1e9c-U6q/IYWAtAGnk1a6x3L+W2o8DuQ"',
132 silly get     'x-readtime': '49' } ]
133 verbose get saving mkdir-p to /root/.npm/mirrors.tencentyun.com/npm/mkdir-p/.cache.json
134 verbose correctMkdir /root/.npm correctMkdir not in flight; initializing
135 silly resolveWithNewModule mkdir-p@0.0.7 checking installable status
136 silly cache add args [ 'mkdir-p@0.0.7', null ]
137 verbose cache add spec mkdir-p@0.0.7
138 silly cache add parsed spec Result {
138 silly cache add   raw: 'mkdir-p@0.0.7',
138 silly cache add   scope: null,
138 silly cache add   escapedName: 'mkdir-p',
138 silly cache add   name: 'mkdir-p',
138 silly cache add   rawSpec: '0.0.7',
138 silly cache add   spec: '0.0.7',
138 silly cache add   type: 'version' }
139 silly addNamed mkdir-p@0.0.7
140 verbose addNamed "0.0.7" is a plain semver version for mkdir-p
141 silly mapToRegistry name mkdir-p
142 silly mapToRegistry using default registry
143 silly mapToRegistry registry http://mirrors.tencentyun.com/npm/
144 silly mapToRegistry data Result {
144 silly mapToRegistry   raw: 'mkdir-p',
144 silly mapToRegistry   scope: null,
144 silly mapToRegistry   escapedName: 'mkdir-p',
144 silly mapToRegistry   name: 'mkdir-p',
144 silly mapToRegistry   rawSpec: '',
144 silly mapToRegistry   spec: 'latest',
144 silly mapToRegistry   type: 'tag' }
145 silly mapToRegistry uri http://mirrors.tencentyun.com/npm/mkdir-p
146 verbose addNameVersion registry:http://mirrors.tencentyun.com/npm/mkdir-p not in flight; fetching
147 verbose get http://mirrors.tencentyun.com/npm/mkdir-p not expired, no request
148 silly mapToRegistry name mkdir-p
149 silly mapToRegistry using default registry
150 silly mapToRegistry registry http://mirrors.tencentyun.com/npm/
151 silly mapToRegistry data Result {
151 silly mapToRegistry   raw: 'mkdir-p',
151 silly mapToRegistry   scope: null,
151 silly mapToRegistry   escapedName: 'mkdir-p',
151 silly mapToRegistry   name: 'mkdir-p',
151 silly mapToRegistry   rawSpec: '',
151 silly mapToRegistry   spec: 'latest',
151 silly mapToRegistry   type: 'tag' }
152 silly mapToRegistry uri http://mirrors.tencentyun.com/npm/mkdir-p
153 verbose addRemoteTarball http://mirrors.tencentyun.com/npm/mkdir-p/download/mkdir-p-0.0.7.tgz not in flight; adding
154 verbose addRemoteTarball [ 'http://mirrors.tencentyun.com/npm/mkdir-p/download/mkdir-p-0.0.7.tgz',
154 verbose addRemoteTarball   '24c5dbe26da3a99ef158a1eef9a5c2dd9de5683c' ]
155 info retry fetch attempt 1 at 下午3:43:06
156 info attempt registry request try #1 at 下午3:43:06
157 http fetch GET http://mirrors.tencentyun.com/npm/mkdir-p/download/mkdir-p-0.0.7.tgz
158 http 200 http://mirrors.tencentyun.com/npm/koa-log4
159 verbose headers { server: 'tnginx/OpenCloud_tnginx_1.3.0',
159 verbose headers   date: 'Wed, 30 May 2018 07:43:06 GMT',
159 verbose headers   'content-type': 'application/json; charset=utf-8',
159 verbose headers   'content-length': '16497',
159 verbose headers   connection: 'keep-alive',
159 verbose headers   'x-current-requests': '1',
159 verbose headers   etag: '"4071-w2Ww1j/8s5QTOpo8UJ/LgnHjKLs"',
159 verbose headers   'x-readtime': '57' }
160 silly get cb [ 200,
160 silly get   { server: 'tnginx/OpenCloud_tnginx_1.3.0',
160 silly get     date: 'Wed, 30 May 2018 07:43:06 GMT',
160 silly get     'content-type': 'application/json; charset=utf-8',
160 silly get     'content-length': '16497',
160 silly get     connection: 'keep-alive',
160 silly get     'x-current-requests': '1',
160 silly get     etag: '"4071-w2Ww1j/8s5QTOpo8UJ/LgnHjKLs"',
160 silly get     'x-readtime': '57' } ]
161 verbose get saving koa-log4 to /root/.npm/mirrors.tencentyun.com/npm/koa-log4/.cache.json
162 verbose correctMkdir /root/.npm correctMkdir not in flight; initializing
163 http 200 http://mirrors.tencentyun.com/npm/pify
164 verbose headers { server: 'tnginx/OpenCloud_tnginx_1.3.0',
164 verbose headers   date: 'Wed, 30 May 2018 07:43:06 GMT',
164 verbose headers   'content-type': 'application/json; charset=utf-8',
164 verbose headers   'content-length': '16256',
164 verbose headers   connection: 'keep-alive',
164 verbose headers   'x-current-requests': '1',
164 verbose headers   etag: '"3f80-R4Ur+ezQmE3iFhP8wYZ2kDjtUmY"',
164 verbose headers   'x-readtime': '53' }
165 silly get cb [ 200,
165 silly get   { server: 'tnginx/OpenCloud_tnginx_1.3.0',
165 silly get     date: 'Wed, 30 May 2018 07:43:06 GMT',
165 silly get     'content-type': 'application/json; charset=utf-8',
165 silly get     'content-length': '16256',
165 silly get     connection: 'keep-alive',
165 silly get     'x-current-requests': '1',
165 silly get     etag: '"3f80-R4Ur+ezQmE3iFhP8wYZ2kDjtUmY"',
165 silly get     'x-readtime': '53' } ]
166 verbose get saving pify to /root/.npm/mirrors.tencentyun.com/npm/pify/.cache.json
167 verbose correctMkdir /root/.npm correctMkdir not in flight; initializing
168 silly resolveWithNewModule koa-log4@2.2.1 checking installable status
169 silly cache add args [ 'koa-log4@^2.1.0', null ]
170 verbose cache add spec koa-log4@^2.1.0
171 silly cache add parsed spec Result {
171 silly cache add   raw: 'koa-log4@^2.1.0',
171 silly cache add   scope: null,
171 silly cache add   escapedName: 'koa-log4',
171 silly cache add   name: 'koa-log4',
171 silly cache add   rawSpec: '^2.1.0',
171 silly cache add   spec: '>=2.1.0 <3.0.0',
171 silly cache add   type: 'range' }
172 silly addNamed koa-log4@>=2.1.0 <3.0.0
173 verbose addNamed ">=2.1.0 <3.0.0" is a valid semver range for koa-log4
174 silly addNameRange { name: 'koa-log4', range: '>=2.1.0 <3.0.0', hasData: false }
175 silly mapToRegistry name koa-log4
176 silly mapToRegistry using default registry
177 silly mapToRegistry registry http://mirrors.tencentyun.com/npm/
178 silly mapToRegistry data Result {
178 silly mapToRegistry   raw: 'koa-log4',
178 silly mapToRegistry   scope: null,
178 silly mapToRegistry   escapedName: 'koa-log4',
178 silly mapToRegistry   name: 'koa-log4',
178 silly mapToRegistry   rawSpec: '',
178 silly mapToRegistry   spec: 'latest',
178 silly mapToRegistry   type: 'tag' }
179 silly mapToRegistry uri http://mirrors.tencentyun.com/npm/koa-log4
180 verbose addNameRange registry:http://mirrors.tencentyun.com/npm/koa-log4 not in flight; fetching
181 silly resolveWithNewModule pify@2.3.0 checking installable status
182 silly cache add args [ 'pify@^2.3.0', null ]
183 verbose cache add spec pify@^2.3.0
184 silly cache add parsed spec Result {
184 silly cache add   raw: 'pify@^2.3.0',
184 silly cache add   scope: null,
184 silly cache add   escapedName: 'pify',
184 silly cache add   name: 'pify',
184 silly cache add   rawSpec: '^2.3.0',
184 silly cache add   spec: '>=2.3.0 <3.0.0',
184 silly cache add   type: 'range' }
185 silly addNamed pify@>=2.3.0 <3.0.0
186 verbose addNamed ">=2.3.0 <3.0.0" is a valid semver range for pify
187 silly addNameRange { name: 'pify', range: '>=2.3.0 <3.0.0', hasData: false }
188 silly mapToRegistry name pify
189 silly mapToRegistry using default registry
190 silly mapToRegistry registry http://mirrors.tencentyun.com/npm/
191 silly mapToRegistry data Result {
191 silly mapToRegistry   raw: 'pify',
191 silly mapToRegistry   scope: null,
191 silly mapToRegistry   escapedName: 'pify',
191 silly mapToRegistry   name: 'pify',
191 silly mapToRegistry   rawSpec: '',
191 silly mapToRegistry   spec: 'latest',
191 silly mapToRegistry   type: 'tag' }
192 silly mapToRegistry uri http://mirrors.tencentyun.com/npm/pify
193 verbose addNameRange registry:http://mirrors.tencentyun.com/npm/pify not in flight; fetching
194 verbose get http://mirrors.tencentyun.com/npm/koa-log4 not expired, no request
195 silly addNameRange number 2 { name: 'koa-log4', range: '>=2.1.0 <3.0.0', hasData: true }
196 silly addNameRange versions [ 'koa-log4',
196 silly addNameRange   [ '2.2.1',
196 silly addNameRange     '1.1.1',
196 silly addNameRange     '2.2.0',
196 silly addNameRange     '2.1.0',
196 silly addNameRange     '1.1.0',
196 silly addNameRange     '2.0.2',
196 silly addNameRange     '1.0.2',
196 silly addNameRange     '2.0.1',
196 silly addNameRange     '1.0.0',
196 silly addNameRange     '1.0.1',
196 silly addNameRange     '2.0.0' ] ]
197 silly addNamed koa-log4@2.2.1
198 verbose addNamed "2.2.1" is a plain semver version for koa-log4
199 verbose get http://mirrors.tencentyun.com/npm/pify not expired, no request
200 silly addNameRange number 2 { name: 'pify', range: '>=2.3.0 <3.0.0', hasData: true }
201 silly addNameRange versions [ 'pify',
201 silly addNameRange   [ '3.0.0',
201 silly addNameRange     '2.3.0',
201 silly addNameRange     '2.2.0',
201 silly addNameRange     '2.1.0',
201 silly addNameRange     '2.0.0',
201 silly addNameRange     '1.1.1',
201 silly addNameRange     '1.1.0',
201 silly addNameRange     '1.0.0' ] ]
202 silly addNamed pify@2.3.0
203 verbose addNamed "2.3.0" is a plain semver version for pify
204 silly mapToRegistry name koa-log4
205 silly mapToRegistry using default registry
206 silly mapToRegistry registry http://mirrors.tencentyun.com/npm/
207 silly mapToRegistry data Result {
207 silly mapToRegistry   raw: 'koa-log4',
207 silly mapToRegistry   scope: null,
207 silly mapToRegistry   escapedName: 'koa-log4',
207 silly mapToRegistry   name: 'koa-log4',
207 silly mapToRegistry   rawSpec: '',
207 silly mapToRegistry   spec: 'latest',
207 silly mapToRegistry   type: 'tag' }
208 silly mapToRegistry uri http://mirrors.tencentyun.com/npm/koa-log4
209 verbose addRemoteTarball http://mirrors.tencentyun.com/npm/koa-log4/download/koa-log4-2.2.1.tgz not in flight; adding
210 verbose addRemoteTarball [ 'http://mirrors.tencentyun.com/npm/koa-log4/download/koa-log4-2.2.1.tgz',
210 verbose addRemoteTarball   '7be52fc23ef8137fec4be7ee7c9a9bdf7e898f73' ]
211 silly mapToRegistry name pify
212 silly mapToRegistry using default registry
213 silly mapToRegistry registry http://mirrors.tencentyun.com/npm/
214 silly mapToRegistry data Result {
214 silly mapToRegistry   raw: 'pify',
214 silly mapToRegistry   scope: null,
214 silly mapToRegistry   escapedName: 'pify',
214 silly mapToRegistry   name: 'pify',
214 silly mapToRegistry   rawSpec: '',
214 silly mapToRegistry   spec: 'latest',
214 silly mapToRegistry   type: 'tag' }
215 silly mapToRegistry uri http://mirrors.tencentyun.com/npm/pify
216 verbose addRemoteTarball http://mirrors.tencentyun.com/npm/pify/download/pify-2.3.0.tgz not in flight; adding
217 verbose addRemoteTarball [ 'http://mirrors.tencentyun.com/npm/pify/download/pify-2.3.0.tgz',
217 verbose addRemoteTarball   'ed141a6ac043a849ea588498e7dca8b15330e90c' ]
218 info retry fetch attempt 1 at 下午3:43:06
219 info attempt registry request try #1 at 下午3:43:06
220 http fetch GET http://mirrors.tencentyun.com/npm/koa-log4/download/koa-log4-2.2.1.tgz
221 info retry fetch attempt 1 at 下午3:43:06
222 info attempt registry request try #1 at 下午3:43:06
223 http fetch GET http://mirrors.tencentyun.com/npm/pify/download/pify-2.3.0.tgz
224 http 200 http://mirrors.tencentyun.com/npm/wafer-node-sdk
225 verbose headers { server: 'tnginx/OpenCloud_tnginx_1.3.0',
225 verbose headers   date: 'Wed, 30 May 2018 07:43:06 GMT',
225 verbose headers   'content-type': 'application/json; charset=utf-8',
225 verbose headers   'content-length': '16876',
225 verbose headers   connection: 'keep-alive',
225 verbose headers   'x-current-requests': '1',
225 verbose headers   etag: '"41ec-UmR5d+qZd68DEEZFNOTXA5obI4s"',
225 verbose headers   'x-readtime': '113' }
226 silly get cb [ 200,
226 silly get   { server: 'tnginx/OpenCloud_tnginx_1.3.0',
226 silly get     date: 'Wed, 30 May 2018 07:43:06 GMT',
226 silly get     'content-type': 'application/json; charset=utf-8',
226 silly get     'content-length': '16876',
226 silly get     connection: 'keep-alive',
226 silly get     'x-current-requests': '1',
226 silly get     etag: '"41ec-UmR5d+qZd68DEEZFNOTXA5obI4s"',
226 silly get     'x-readtime': '113' } ]
227 verbose get saving wafer-node-sdk to /root/.npm/mirrors.tencentyun.com/npm/wafer-node-sdk/.cache.json
228 verbose correctMkdir /root/.npm correctMkdir not in flight; initializing
229 silly fetchPackageMetaData Error: No compatible version found: wafer-node-sdk@^1.3.4
229 silly fetchPackageMetaData Valid install targets:
229 silly fetchPackageMetaData 1.0.5, 1.0.4, 1.0.3, 1.0.2, 1.0.1, 1.0.0
229 silly fetchPackageMetaData
229 silly fetchPackageMetaData     at pickVersionFromRegistryDocument (/usr/lib/node_modules/npm/lib/fetch-package-metadata.js:178:16)
229 silly fetchPackageMetaData     at /usr/lib/node_modules/npm/node_modules.bundled/iferr/index.js:13:50
229 silly fetchPackageMetaData     at /usr/lib/node_modules/npm/lib/utils/pulse-till-done.js:20:8
229 silly fetchPackageMetaData     at saved (/usr/lib/node_modules/npm/lib/cache/caching-client.js:174:7)
229 silly fetchPackageMetaData     at /usr/lib/node_modules/npm/node_modules.bundled/graceful-fs/polyfills.js:241:18
229 silly fetchPackageMetaData     at FSReqWrap.oncomplete (fs.js:123:15)
229 silly fetchPackageMetaData  error for wafer-node-sdk@^1.3.4 { Error: No compatible version found: wafer-node-sdk@^1.3.4
229 silly fetchPackageMetaData Valid install targets:
229 silly fetchPackageMetaData 1.0.5, 1.0.4, 1.0.3, 1.0.2, 1.0.1, 1.0.0
229 silly fetchPackageMetaData
229 silly fetchPackageMetaData     at pickVersionFromRegistryDocument (/usr/lib/node_modules/npm/lib/fetch-package-metadata.js:178:16)
229 silly fetchPackageMetaData     at /usr/lib/node_modules/npm/node_modules.bundled/iferr/index.js:13:50
229 silly fetchPackageMetaData     at /usr/lib/node_modules/npm/lib/utils/pulse-till-done.js:20:8
229 silly fetchPackageMetaData     at saved (/usr/lib/node_modules/npm/lib/cache/caching-client.js:174:7)
229 silly fetchPackageMetaData     at /usr/lib/node_modules/npm/node_modules.bundled/graceful-fs/polyfills.js:241:18
229 silly fetchPackageMetaData     at FSReqWrap.oncomplete (fs.js:123:15) code: 'ETARGET' }
230 http 200 http://mirrors.tencentyun.com/npm/koa-bodyparser
231 verbose headers { server: 'tnginx/OpenCloud_tnginx_1.3.0',
231 verbose headers   date: 'Wed, 30 May 2018 07:43:06 GMT',
231 verbose headers   'content-type': 'application/json; charset=utf-8',
231 verbose headers   'content-length': '42741',
231 verbose headers   connection: 'keep-alive',
231 verbose headers   'x-current-requests': '1',
231 verbose headers   etag: '"a6f5-Rmb29M8pVYKEMBSEt/lrzlWrOyA"',
231 verbose headers   'x-readtime': '123' }
232 silly get cb [ 200,
232 silly get   { server: 'tnginx/OpenCloud_tnginx_1.3.0',
232 silly get     date: 'Wed, 30 May 2018 07:43:06 GMT',
232 silly get     'content-type': 'application/json; charset=utf-8',
232 silly get     'content-length': '42741',
232 silly get     connection: 'keep-alive',
232 silly get     'x-current-requests': '1',
232 silly get     etag: '"a6f5-Rmb29M8pVYKEMBSEt/lrzlWrOyA"',
232 silly get     'x-readtime': '123' } ]
233 verbose get saving koa-bodyparser to /root/.npm/mirrors.tencentyun.com/npm/koa-bodyparser/.cache.json
234 verbose correctMkdir /root/.npm correctMkdir not in flight; initializing
235 silly resolveWithNewModule koa-bodyparser@3.2.0 checking installable status
236 silly cache add args [ 'koa-bodyparser@^3.2.0', null ]
237 verbose cache add spec koa-bodyparser@^3.2.0
238 silly cache add parsed spec Result {
238 silly cache add   raw: 'koa-bodyparser@^3.2.0',
238 silly cache add   scope: null,
238 silly cache add   escapedName: 'koa-bodyparser',
238 silly cache add   name: 'koa-bodyparser',
238 silly cache add   rawSpec: '^3.2.0',
238 silly cache add   spec: '>=3.2.0 <4.0.0',
238 silly cache add   type: 'range' }
239 silly addNamed koa-bodyparser@>=3.2.0 <4.0.0
240 verbose addNamed ">=3.2.0 <4.0.0" is a valid semver range for koa-bodyparser
241 silly addNameRange { name: 'koa-bodyparser',
241 silly addNameRange   range: '>=3.2.0 <4.0.0',
241 silly addNameRange   hasData: false }
242 silly mapToRegistry name koa-bodyparser
243 silly mapToRegistry using default registry
244 silly mapToRegistry registry http://mirrors.tencentyun.com/npm/
245 silly mapToRegistry data Result {
245 silly mapToRegistry   raw: 'koa-bodyparser',
245 silly mapToRegistry   scope: null,
245 silly mapToRegistry   escapedName: 'koa-bodyparser',
245 silly mapToRegistry   name: 'koa-bodyparser',
245 silly mapToRegistry   rawSpec: '',
245 silly mapToRegistry   spec: 'latest',
245 silly mapToRegistry   type: 'tag' }
246 silly mapToRegistry uri http://mirrors.tencentyun.com/npm/koa-bodyparser
247 verbose addNameRange registry:http://mirrors.tencentyun.com/npm/koa-bodyparser not in flight; fetching
248 verbose get http://mirrors.tencentyun.com/npm/koa-bodyparser not expired, no request
249 silly addNameRange number 2 { name: 'koa-bodyparser',
249 silly addNameRange   range: '>=3.2.0 <4.0.0',
249 silly addNameRange   hasData: true }
250 silly addNameRange versions [ 'koa-bodyparser',
250 silly addNameRange   [ '2.5.0',
250 silly addNameRange     '4.2.0',
250 silly addNameRange     '2.4.0',
250 silly addNameRange     '4.1.0',
250 silly addNameRange     '4.0.0',
250 silly addNameRange     '2.3.0',
250 silly addNameRange     '3.2.0',
250 silly addNameRange     '2.2.0',
250 silly addNameRange     '3.1.0',
250 silly addNameRange     '2.1.0',
250 silly addNameRange     '3.0.0',
250 silly addNameRange     '2.0.1',
250 silly addNameRange     '2.0.0',
250 silly addNameRange     '1.6.0',
250 silly addNameRange     '1.5.0',
250 silly addNameRange     '1.4.1',
250 silly addNameRange     '1.4.0',
250 silly addNameRange     '1.3.1',
250 silly addNameRange     '1.3.0',
250 silly addNameRange     '1.2.0',
250 silly addNameRange     '1.1.0',
250 silly addNameRange     '1.0.1',
250 silly addNameRange     '1.0.0',
250 silly addNameRange     '0.1.0',
250 silly addNameRange     '0.0.1',
250 silly addNameRange     '0.0.2' ] ]
251 silly addNamed koa-bodyparser@3.2.0
252 verbose addNamed "3.2.0" is a plain semver version for koa-bodyparser
253 http fetch 200 http://mirrors.tencentyun.com/npm/mkdir-p/download/mkdir-p-0.0.7.tgz
254 silly mapToRegistry name koa-bodyparser
255 silly mapToRegistry using default registry
256 silly mapToRegistry registry http://mirrors.tencentyun.com/npm/
257 silly mapToRegistry data Result {
257 silly mapToRegistry   raw: 'koa-bodyparser',
257 silly mapToRegistry   scope: null,
257 silly mapToRegistry   escapedName: 'koa-bodyparser',
257 silly mapToRegistry   name: 'koa-bodyparser',
257 silly mapToRegistry   rawSpec: '',
257 silly mapToRegistry   spec: 'latest',
257 silly mapToRegistry   type: 'tag' }
258 silly mapToRegistry uri http://mirrors.tencentyun.com/npm/koa-bodyparser
259 verbose addRemoteTarball http://mirrors.tencentyun.com/npm/koa-bodyparser/download/koa-bodyparser-3.2.0.tgz not in flight; adding
260 verbose addRemoteTarball [ 'http://mirrors.tencentyun.com/npm/koa-bodyparser/download/koa-bodyparser-3.2.0.tgz',
260 verbose addRemoteTarball   'b916de17e2039fe82650481973d7c294f10b5719' ]
261 info retry fetch attempt 1 at 下午3:43:06
262 info attempt registry request try #1 at 下午3:43:06
263 http fetch GET http://mirrors.tencentyun.com/npm/koa-bodyparser/download/koa-bodyparser-3.2.0.tgz
264 silly fetchAndShaCheck shasum 24c5dbe26da3a99ef158a1eef9a5c2dd9de5683c
265 verbose addTmpTarball /tmp/npm-3342-ccdcf8ab/mirrors.tencentyun.com/npm/mkdir-p/download/mkdir-p-0.0.7.tgz not in flight; adding
266 verbose addTmpTarball already have metadata; skipping unpack for mkdir-p@0.0.7
267 verbose correctMkdir /root/.npm correctMkdir not in flight; initializing
268 silly cache afterAdd mkdir-p@0.0.7
269 verbose afterAdd /root/.npm/mkdir-p/0.0.7/package/package.json not in flight; writing
270 verbose correctMkdir /root/.npm correctMkdir not in flight; initializing
271 verbose afterAdd /root/.npm/mkdir-p/0.0.7/package/package.json written
272 http fetch 200 http://mirrors.tencentyun.com/npm/pify/download/pify-2.3.0.tgz
273 silly fetchAndShaCheck shasum ed141a6ac043a849ea588498e7dca8b15330e90c
274 verbose addTmpTarball /tmp/npm-3342-ccdcf8ab/mirrors.tencentyun.com/npm/pify/download/pify-2.3.0.tgz not in flight; adding
275 verbose addTmpTarball already have metadata; skipping unpack for pify@2.3.0
276 verbose correctMkdir /root/.npm correctMkdir not in flight; initializing
277 silly cache afterAdd pify@2.3.0
278 verbose afterAdd /root/.npm/pify/2.3.0/package/package.json not in flight; writing
279 verbose correctMkdir /root/.npm correctMkdir not in flight; initializing
280 verbose afterAdd /root/.npm/pify/2.3.0/package/package.json written
281 http fetch 200 http://mirrors.tencentyun.com/npm/koa-log4/download/koa-log4-2.2.1.tgz
282 silly fetchAndShaCheck shasum 7be52fc23ef8137fec4be7ee7c9a9bdf7e898f73
283 verbose addTmpTarball /tmp/npm-3342-ccdcf8ab/mirrors.tencentyun.com/npm/koa-log4/download/koa-log4-2.2.1.tgz not in flight; adding
284 verbose addTmpTarball already have metadata; skipping unpack for koa-log4@2.2.1
285 verbose correctMkdir /root/.npm correctMkdir not in flight; initializing
286 silly cache afterAdd koa-log4@2.2.1
287 verbose afterAdd /root/.npm/koa-log4/2.2.1/package/package.json not in flight; writing
288 verbose correctMkdir /root/.npm correctMkdir not in flight; initializing
289 verbose afterAdd /root/.npm/koa-log4/2.2.1/package/package.json written
290 http fetch 200 http://mirrors.tencentyun.com/npm/koa-bodyparser/download/koa-bodyparser-3.2.0.tgz
291 silly fetchAndShaCheck shasum b916de17e2039fe82650481973d7c294f10b5719
292 verbose addTmpTarball /tmp/npm-3342-ccdcf8ab/mirrors.tencentyun.com/npm/koa-bodyparser/download/koa-bodyparser-3.2.0.tgz not in flight; adding
293 verbose addTmpTarball already have metadata; skipping unpack for koa-bodyparser@3.2.0
294 verbose correctMkdir /root/.npm correctMkdir not in flight; initializing
295 silly cache afterAdd koa-bodyparser@3.2.0
296 verbose afterAdd /root/.npm/koa-bodyparser/3.2.0/package/package.json not in flight; writing
297 verbose correctMkdir /root/.npm correctMkdir not in flight; initializing
298 verbose afterAdd /root/.npm/koa-bodyparser/3.2.0/package/package.json written
299 http 200 http://mirrors.tencentyun.com/npm/axios
300 verbose headers { server: 'tnginx/OpenCloud_tnginx_1.3.0',
300 verbose headers   date: 'Wed, 30 May 2018 07:43:06 GMT',
300 verbose headers   'content-type': 'application/json; charset=utf-8',
300 verbose headers   'content-length': '100679',
300 verbose headers   connection: 'keep-alive',
300 verbose headers   'x-current-requests': '1',
300 verbose headers   etag: '"18947-YUFrLazyvp+BdhVJRS2uhp3knqI"',
300 verbose headers   'x-readtime': '198' }
301 silly get cb [ 200,
301 silly get   { server: 'tnginx/OpenCloud_tnginx_1.3.0',
301 silly get     date: 'Wed, 30 May 2018 07:43:06 GMT',
301 silly get     'content-type': 'application/json; charset=utf-8',
301 silly get     'content-length': '100679',
301 silly get     connection: 'keep-alive',
301 silly get     'x-current-requests': '1',
301 silly get     etag: '"18947-YUFrLazyvp+BdhVJRS2uhp3knqI"',
301 silly get     'x-readtime': '198' } ]
302 verbose get saving axios to /root/.npm/mirrors.tencentyun.com/npm/axios/.cache.json
303 verbose correctMkdir /root/.npm correctMkdir not in flight; initializing
304 silly resolveWithNewModule axios@0.15.3 checking installable status
305 silly cache add args [ 'axios@^0.15.3', null ]
306 verbose cache add spec axios@^0.15.3
307 silly cache add parsed spec Result {
307 silly cache add   raw: 'axios@^0.15.3',
307 silly cache add   scope: null,
307 silly cache add   escapedName: 'axios',
307 silly cache add   name: 'axios',
307 silly cache add   rawSpec: '^0.15.3',
307 silly cache add   spec: '>=0.15.3 <0.16.0',
307 silly cache add   type: 'range' }
308 silly addNamed axios@>=0.15.3 <0.16.0
309 verbose addNamed ">=0.15.3 <0.16.0" is a valid semver range for axios
310 silly addNameRange { name: 'axios', range: '>=0.15.3 <0.16.0', hasData: false }
311 silly mapToRegistry name axios
312 silly mapToRegistry using default registry
313 silly mapToRegistry registry http://mirrors.tencentyun.com/npm/
314 silly mapToRegistry data Result {
314 silly mapToRegistry   raw: 'axios',
314 silly mapToRegistry   scope: null,
314 silly mapToRegistry   escapedName: 'axios',
314 silly mapToRegistry   name: 'axios',
314 silly mapToRegistry   rawSpec: '',
314 silly mapToRegistry   spec: 'latest',
314 silly mapToRegistry   type: 'tag' }
315 silly mapToRegistry uri http://mirrors.tencentyun.com/npm/axios
316 verbose addNameRange registry:http://mirrors.tencentyun.com/npm/axios not in flight; fetching
317 verbose get http://mirrors.tencentyun.com/npm/axios not expired, no request
318 silly addNameRange number 2 { name: 'axios', range: '>=0.15.3 <0.16.0', hasData: true }
319 silly addNameRange versions [ 'axios',
319 silly addNameRange   [ '0.16.2',
319 silly addNameRange     '0.16.1',
319 silly addNameRange     '0.16.0',
319 silly addNameRange     '0.15.3',
319 silly addNameRange     '0.15.2',
319 silly addNameRange     '0.15.1',
319 silly addNameRange     '0.15.0',
319 silly addNameRange     '0.14.0',
319 silly addNameRange     '0.13.1',
319 silly addNameRange     '0.13.0',
319 silly addNameRange     '0.12.0',
319 silly addNameRange     '0.11.1',
319 silly addNameRange     '0.11.0',
319 silly addNameRange     '0.10.0',
319 silly addNameRange     '0.9.1',
319 silly addNameRange     '0.9.0',
319 silly addNameRange     '0.8.1',
319 silly addNameRange     '0.8.0',
319 silly addNameRange     '0.7.0',
319 silly addNameRange     '0.6.0',
319 silly addNameRange     '0.5.4',
319 silly addNameRange     '0.5.3',
319 silly addNameRange     '0.5.2',
319 silly addNameRange     '0.5.1',
319 silly addNameRange     '0.5.0',
319 silly addNameRange     '0.4.2',
319 silly addNameRange     '0.4.1',
319 silly addNameRange     '0.4.0',
319 silly addNameRange     '0.3.1',
319 silly addNameRange     '0.3.0',
319 silly addNameRange     '0.2.2',
319 silly addNameRange     '0.2.1',
319 silly addNameRange     '0.2.0',
319 silly addNameRange     '0.1.0' ] ]
320 silly addNamed axios@0.15.3
321 verbose addNamed "0.15.3" is a plain semver version for axios
322 silly mapToRegistry name axios
323 silly mapToRegistry using default registry
324 silly mapToRegistry registry http://mirrors.tencentyun.com/npm/
325 silly mapToRegistry data Result {
325 silly mapToRegistry   raw: 'axios',
325 silly mapToRegistry   scope: null,
325 silly mapToRegistry   escapedName: 'axios',
325 silly mapToRegistry   name: 'axios',
325 silly mapToRegistry   rawSpec: '',
325 silly mapToRegistry   spec: 'latest',
325 silly mapToRegistry   type: 'tag' }
326 silly mapToRegistry uri http://mirrors.tencentyun.com/npm/axios
327 verbose addRemoteTarball http://mirrors.tencentyun.com/npm/axios/download/axios-0.15.3.tgz not in flight; adding
328 verbose addRemoteTarball [ 'http://mirrors.tencentyun.com/npm/axios/download/axios-0.15.3.tgz',
328 verbose addRemoteTarball   '2c9d638b2e191a08ea1d6cc988eadd6ba5bdc053' ]
329 info retry fetch attempt 1 at 下午3:43:06
330 info attempt registry request try #1 at 下午3:43:06
331 http fetch GET http://mirrors.tencentyun.com/npm/axios/download/axios-0.15.3.tgz
332 http 200 http://mirrors.tencentyun.com/npm/koa-router
333 verbose headers { server: 'tnginx/OpenCloud_tnginx_1.3.0',
333 verbose headers   date: 'Wed, 30 May 2018 07:43:06 GMT',
333 verbose headers   'content-type': 'application/json; charset=utf-8',
333 verbose headers   'content-length': '126888',
333 verbose headers   connection: 'keep-alive',
333 verbose headers   'x-current-requests': '1',
333 verbose headers   etag: '"1efa8-d87FaluuXzIFq6iIFZXIlFu8NF8"',
333 verbose headers   'x-readtime': '232' }
334 silly get cb [ 200,
334 silly get   { server: 'tnginx/OpenCloud_tnginx_1.3.0',
334 silly get     date: 'Wed, 30 May 2018 07:43:06 GMT',
334 silly get     'content-type': 'application/json; charset=utf-8',
334 silly get     'content-length': '126888',
334 silly get     connection: 'keep-alive',
334 silly get     'x-current-requests': '1',
334 silly get     etag: '"1efa8-d87FaluuXzIFq6iIFZXIlFu8NF8"',
334 silly get     'x-readtime': '232' } ]
335 verbose get saving koa-router to /root/.npm/mirrors.tencentyun.com/npm/koa-router/.cache.json
336 verbose correctMkdir /root/.npm correctMkdir not in flight; initializing
337 silly resolveWithNewModule koa-router@7.2.1 checking installable status
338 silly cache add args [ 'koa-router@^7.0.1', null ]
339 verbose cache add spec koa-router@^7.0.1
340 silly cache add parsed spec Result {
340 silly cache add   raw: 'koa-router@^7.0.1',
340 silly cache add   scope: null,
340 silly cache add   escapedName: 'koa-router',
340 silly cache add   name: 'koa-router',
340 silly cache add   rawSpec: '^7.0.1',
340 silly cache add   spec: '>=7.0.1 <8.0.0',
340 silly cache add   type: 'range' }
341 silly addNamed koa-router@>=7.0.1 <8.0.0
342 verbose addNamed ">=7.0.1 <8.0.0" is a valid semver range for koa-router
343 silly addNameRange { name: 'koa-router', range: '>=7.0.1 <8.0.0', hasData: false }
344 silly mapToRegistry name koa-router
345 silly mapToRegistry using default registry
346 silly mapToRegistry registry http://mirrors.tencentyun.com/npm/
347 silly mapToRegistry data Result {
347 silly mapToRegistry   raw: 'koa-router',
347 silly mapToRegistry   scope: null,
347 silly mapToRegistry   escapedName: 'koa-router',
347 silly mapToRegistry   name: 'koa-router',
347 silly mapToRegistry   rawSpec: '',
347 silly mapToRegistry   spec: 'latest',
347 silly mapToRegistry   type: 'tag' }
348 silly mapToRegistry uri http://mirrors.tencentyun.com/npm/koa-router
349 verbose addNameRange registry:http://mirrors.tencentyun.com/npm/koa-router not in flight; fetching
350 verbose get http://mirrors.tencentyun.com/npm/koa-router not expired, no request
351 silly addNameRange number 2 { name: 'koa-router', range: '>=7.0.1 <8.0.0', hasData: true }
352 silly addNameRange versions [ 'koa-router',
352 silly addNameRange   [ '7.2.1',
352 silly addNameRange     '5.4.2',
352 silly addNameRange     '7.2.0',
352 silly addNameRange     '7.1.1',
352 silly addNameRange     '5.4.1',
352 silly addNameRange     '3.0.1',
352 silly addNameRange     '1.0.0',
352 silly addNameRange     '7.1.0',
352 silly addNameRange     '5.4.0',
352 silly addNameRange     '7.0.1',
352 silly addNameRange     '5.3.0',
352 silly addNameRange     '7.0.0',
352 silly addNameRange     '6.2.0',
352 silly addNameRange     '6.1.0',
352 silly addNameRange     '6.0.1',
352 silly addNameRange     '6.0.0',
352 silly addNameRange     '5.2.3',
352 silly addNameRange     '5.2.2',
352 silly addNameRange     '5.2.1',
352 silly addNameRange     '5.2.0',
352 silly addNameRange     '5.1.2',
352 silly addNameRange     '5.1.1',
352 silly addNameRange     '5.1.0',
352 silly addNameRange     '5.0.1',
352 silly addNameRange     '5.0.0',
352 silly addNameRange     '4.3.2',
352 silly addNameRange     '4.3.1',
352 silly addNameRange     '4.3.0',
352 silly addNameRange     '4.2.0',
352 silly addNameRange     '4.1.0',
352 silly addNameRange     '4.0.0',
352 silly addNameRange     '4.0.1',
352 silly addNameRange     '3.8.0',
352 silly addNameRange     '3.7.0',
352 silly addNameRange     '3.6.0',
352 silly addNameRange     '3.5.0',
352 silly addNameRange     '3.4.0',
352 silly addNameRange     '3.3.1',
352 silly addNameRange     '3.3.0',
352 silly addNameRange     '3.2.3',
352 silly addNameRange     '3.2.2',
352 silly addNameRange     '3.2.1',
352 silly addNameRange     '3.2.0',
352 silly addNameRange     '3.1.4',
352 silly addNameRange     '3.1.3',
352 silly addNameRange     '3.1.2',
352 silly addNameRange     '3.1.1',
352 silly addNameRange     '3.1.0',
352 silly addNameRange     '3.0.2',
352 silly addNameRange     '3.0.0',
352 silly addNameRange     '2.4.4',
352 silly addNameRange     '2.4.3',
352 silly addNameRange     '2.3.3',
352 silly addNameRange     '2.4.1',
352 silly addNameRange     '2.3.2',
352 silly addNameRange     '2.4.0',
352 silly addNameRange     '2.3.1',
352 silly addNameRange     '2.3.0',
352 silly addNameRange     '2.2.0',
352 silly addNameRange     '2.1.0',
352 silly addNameRange     '2.0.0',
352 silly addNameRange     '2.0.1',
352 silly addNameRange     '1.6.1',
352 silly addNameRange     '1.6.0',
352 silly addNameRange     '1.5.5',
352 silly addNameRange     '1.5.4',
352 silly addNameRange     '1.5.3',
352 silly addNameRange     '1.4.3',
352 silly addNameRange     '1.3.3',
352 silly addNameRange     '1.2.3',
352 silly addNameRange     '1.2.2',
352 silly addNameRange     '1.1.2',
352 silly addNameRange     '1.1.1',
352 silly addNameRange     '1.0.1' ] ]
353 silly addNamed koa-router@7.2.1
354 verbose addNamed "7.2.1" is a plain semver version for koa-router
355 silly mapToRegistry name koa-router
356 silly mapToRegistry using default registry
357 silly mapToRegistry registry http://mirrors.tencentyun.com/npm/
358 silly mapToRegistry data Result {
358 silly mapToRegistry   raw: 'koa-router',
358 silly mapToRegistry   scope: null,
358 silly mapToRegistry   escapedName: 'koa-router',
358 silly mapToRegistry   name: 'koa-router',
358 silly mapToRegistry   rawSpec: '',
358 silly mapToRegistry   spec: 'latest',
358 silly mapToRegistry   type: 'tag' }
359 silly mapToRegistry uri http://mirrors.tencentyun.com/npm/koa-router
360 verbose addRemoteTarball http://mirrors.tencentyun.com/npm/koa-router/download/koa-router-7.2.1.tgz not in flight; adding
361 verbose addRemoteTarball [ 'http://mirrors.tencentyun.com/npm/koa-router/download/koa-router-7.2.1.tgz',
361 verbose addRemoteTarball   'b40a4ab3c6adb4b40895debd00a9c640304e3039' ]
362 info retry fetch attempt 1 at 下午3:43:06
363 info attempt registry request try #1 at 下午3:43:06
364 http fetch GET http://mirrors.tencentyun.com/npm/koa-router/download/koa-router-7.2.1.tgz
365 http fetch 200 http://mirrors.tencentyun.com/npm/axios/download/axios-0.15.3.tgz
366 http 200 http://mirrors.tencentyun.com/npm/knex
367 verbose headers { server: 'tnginx/OpenCloud_tnginx_1.3.0',
367 verbose headers   date: 'Wed, 30 May 2018 07:43:06 GMT',
367 verbose headers   'content-type': 'application/json; charset=utf-8',
367 verbose headers   'content-length': '331608',
367 verbose headers   connection: 'keep-alive',
367 verbose headers   'x-current-requests': '1',
367 verbose headers   etag: '"50f58-X6DJzKGOqcynUTqILhHwVYymqh0"',
367 verbose headers   'x-readtime': '142' }
368 silly get cb [ 200,
368 silly get   { server: 'tnginx/OpenCloud_tnginx_1.3.0',
368 silly get     date: 'Wed, 30 May 2018 07:43:06 GMT',
368 silly get     'content-type': 'application/json; charset=utf-8',
368 silly get     'content-length': '331608',
368 silly get     connection: 'keep-alive',
368 silly get     'x-current-requests': '1',
368 silly get     etag: '"50f58-X6DJzKGOqcynUTqILhHwVYymqh0"',
368 silly get     'x-readtime': '142' } ]
369 verbose get saving knex to /root/.npm/mirrors.tencentyun.com/npm/knex/.cache.json
370 verbose correctMkdir /root/.npm correctMkdir not in flight; initializing
371 silly resolveWithNewModule knex@0.13.0 checking installable status
372 silly cache add args [ 'knex@^0.13.0', null ]
373 verbose cache add spec knex@^0.13.0
374 silly cache add parsed spec Result {
374 silly cache add   raw: 'knex@^0.13.0',
374 silly cache add   scope: null,
374 silly cache add   escapedName: 'knex',
374 silly cache add   name: 'knex',
374 silly cache add   rawSpec: '^0.13.0',
374 silly cache add   spec: '>=0.13.0 <0.14.0',
374 silly cache add   type: 'range' }
375 silly addNamed knex@>=0.13.0 <0.14.0
376 verbose addNamed ">=0.13.0 <0.14.0" is a valid semver range for knex
377 silly addNameRange { name: 'knex', range: '>=0.13.0 <0.14.0', hasData: false }
378 silly mapToRegistry name knex
379 silly mapToRegistry using default registry
380 silly mapToRegistry registry http://mirrors.tencentyun.com/npm/
381 silly mapToRegistry data Result {
381 silly mapToRegistry   raw: 'knex',
381 silly mapToRegistry   scope: null,
381 silly mapToRegistry   escapedName: 'knex',
381 silly mapToRegistry   name: 'knex',
381 silly mapToRegistry   rawSpec: '',
381 silly mapToRegistry   spec: 'latest',
381 silly mapToRegistry   type: 'tag' }
382 silly mapToRegistry uri http://mirrors.tencentyun.com/npm/knex
383 verbose addNameRange registry:http://mirrors.tencentyun.com/npm/knex not in flight; fetching
384 verbose get http://mirrors.tencentyun.com/npm/knex not expired, no request
385 silly addNameRange number 2 { name: 'knex', range: '>=0.13.0 <0.14.0', hasData: true }
386 silly addNameRange versions [ 'knex',
386 silly addNameRange   [ '0.14.6',
386 silly addNameRange     '0.14.5',
386 silly addNameRange     '0.14.4',
386 silly addNameRange     '0.14.3',
386 silly addNameRange     '0.14.2',
386 silly addNameRange     '0.14.1',
386 silly addNameRange     '0.14.0',
386 silly addNameRange     '0.13.0',
386 silly addNameRange     '0.12.9',
386 silly addNameRange     '0.6.0',
386 silly addNameRange     '0.12.7',
386 silly addNameRange     '0.12.8',
386 silly addNameRange     '0.12.6',
386 silly addNameRange     '0.12.5',
386 silly addNameRange     '0.12.4',
386 silly addNameRange     '0.12.3',
386 silly addNameRange     '0.12.2',
386 silly addNameRange     '0.12.1',
386 silly addNameRange     '0.12.0',
386 silly addNameRange     '0.11.10',
386 silly addNameRange     '0.11.9',
386 silly addNameRange     '0.11.8',
386 silly addNameRange     '0.11.7',
386 silly addNameRange     '0.11.6',
386 silly addNameRange     '0.11.5',
386 silly addNameRange     '0.11.4',
386 silly addNameRange     '0.11.3',
386 silly addNameRange     '0.11.2',
386 silly addNameRange     '0.11.1',
386 silly addNameRange     '0.11.0',
386 silly addNameRange     '0.10.0',
386 silly addNameRange     '0.10.0-rc1',
386 silly addNameRange     '0.9.0',
386 silly addNameRange     '0.8.6',
386 silly addNameRange     '0.8.5',
386 silly addNameRange     '0.8.4',
386 silly addNameRange     '0.8.3',
386 silly addNameRange     '0.8.2',
386 silly addNameRange     '0.8.1',
386 silly addNameRange     '0.8.0',
386 silly addNameRange     '0.7.6',
386 silly addNameRange     '0.6.23',
386 silly addNameRange     '0.7.5',
386 silly addNameRange     '0.7.4',
386 silly addNameRange     '0.7.3',
386 silly addNameRange     '0.7.2',
386 silly addNameRange     '0.7.1',
386 silly addNameRange     '0.7.0',
386 silly addNameRange     '0.5.16',
386 silly addNameRange     '0.6.22',
386 silly addNameRange     '0.6.21',
386 silly addNameRange     '0.6.20',
386 silly addNameRange     '0.6.19',
386 silly addNameRange     '0.6.18',
386 silly addNameRange     '0.6.17',
386 silly addNameRange     '0.6.16',
386 silly addNameRange     '0.6.15',
386 silly addNameRange     '0.6.14',
386 silly addNameRange     '0.6.13',
386 silly addNameRange     '0.6.12',
386 silly addNameRange     '0.6.11',
386 silly addNameRange     '0.6.10',
386 silly addNameRange     '0.6.9',
386 silly addNameRange     '0.6.8',
386 silly addNameRange     '0.6.7',
386 silly addNameRange     '0.6.6',
386 silly addNameRange     '0.6.5',
386 silly addNameRange     '0.6.4',
386 silly addNameRange     '0.6.3',
386 silly addNameRange     '0.6.2',
386 silly addNameRange     '0.6.1',
386 silly addNameRange     '0.5.15',
386 silly addNameRange     '0.5.14',
386 silly addNameRange     '0.5.13',
386 silly addNameRange     '0.5.12',
386 silly addNameRange     '0.5.11',
386 silly addNameRange     '0.5.10',
386 silly addNameRange     '0.5.9',
386 silly addNameRange     '0.5.8',
386 silly addNameRange     '0.5.7',
386 silly addNameRange     '0.5.6',
386 silly addNameRange     '0.5.5',
386 silly addNameRange     '0.5.4',
386 silly addNameRange     '0.5.3',
386 silly addNameRange     '0.5.2',
386 silly addNameRange     '0.5.1',
386 silly addNameRange     '0.5.0',
386 silly addNameRange     '0.4.13',
386 silly addNameRange     '0.4.12',
386 silly addNameRange     '0.4.11',
386 silly addNameRange     '0.4.10',
386 silly addNameRange     '0.4.9',
386 silly addNameRange     '0.4.8',
386 silly addNameRange     '0.4.7',
386 silly addNameRange     '0.4.6',
386 silly addNameRange     '0.4.5',
386 silly addNameRange     '0.4.4',
386 silly addNameRange     '0.4.3',
386 silly addNameRange     '0.2.7-alpha',
386 silly addNameRange     '0.4.2',
386 silly addNameRange     ... 23 more items ] ]
387 silly addNamed knex@0.13.0
388 verbose addNamed "0.13.0" is a plain semver version for knex
389 http fetch 200 http://mirrors.tencentyun.com/npm/koa-router/download/koa-router-7.2.1.tgz
390 silly mapToRegistry name knex
391 silly mapToRegistry using default registry
392 silly mapToRegistry registry http://mirrors.tencentyun.com/npm/
393 silly mapToRegistry data Result {
393 silly mapToRegistry   raw: 'knex',
393 silly mapToRegistry   scope: null,
393 silly mapToRegistry   escapedName: 'knex',
393 silly mapToRegistry   name: 'knex',
393 silly mapToRegistry   rawSpec: '',
393 silly mapToRegistry   spec: 'latest',
393 silly mapToRegistry   type: 'tag' }
394 silly mapToRegistry uri http://mirrors.tencentyun.com/npm/knex
395 verbose addRemoteTarball http://mirrors.tencentyun.com/npm/knex/download/knex-0.13.0.tgz not in flight; adding
396 verbose addRemoteTarball [ 'http://mirrors.tencentyun.com/npm/knex/download/knex-0.13.0.tgz',
396 verbose addRemoteTarball   '08dd494f6bb64928934eec9dac34787a14ca5fa4' ]
397 info retry fetch attempt 1 at 下午3:43:06
398 info attempt registry request try #1 at 下午3:43:06
399 http fetch GET http://mirrors.tencentyun.com/npm/knex/download/knex-0.13.0.tgz
400 silly fetchAndShaCheck shasum b40a4ab3c6adb4b40895debd00a9c640304e3039
401 verbose addTmpTarball /tmp/npm-3342-ccdcf8ab/mirrors.tencentyun.com/npm/koa-router/download/koa-router-7.2.1.tgz not in flight; adding
402 verbose addTmpTarball already have metadata; skipping unpack for koa-router@7.2.1
403 verbose correctMkdir /root/.npm correctMkdir not in flight; initializing
404 silly cache afterAdd koa-router@7.2.1
405 verbose afterAdd /root/.npm/koa-router/7.2.1/package/package.json not in flight; writing
406 verbose correctMkdir /root/.npm correctMkdir not in flight; initializing
407 verbose afterAdd /root/.npm/koa-router/7.2.1/package/package.json written
408 silly fetchAndShaCheck shasum 2c9d638b2e191a08ea1d6cc988eadd6ba5bdc053
409 verbose addTmpTarball /tmp/npm-3342-ccdcf8ab/mirrors.tencentyun.com/npm/axios/download/axios-0.15.3.tgz not in flight; adding
410 verbose addTmpTarball already have metadata; skipping unpack for axios@0.15.3
411 verbose correctMkdir /root/.npm correctMkdir not in flight; initializing
412 silly cache afterAdd axios@0.15.3
413 verbose afterAdd /root/.npm/axios/0.15.3/package/package.json not in flight; writing
414 verbose correctMkdir /root/.npm correctMkdir not in flight; initializing
415 verbose afterAdd /root/.npm/axios/0.15.3/package/package.json written
416 http 200 http://mirrors.tencentyun.com/npm/lodash
417 verbose headers { server: 'tnginx/OpenCloud_tnginx_1.3.0',
417 verbose headers   date: 'Wed, 30 May 2018 07:43:06 GMT',
417 verbose headers   'content-type': 'application/json; charset=utf-8',
417 verbose headers   'content-length': '192946',
417 verbose headers   connection: 'keep-alive',
417 verbose headers   'x-current-requests': '1',
417 verbose headers   etag: '"2f1b2-8Qa0Sy2X6JwQMnwkNHL7Mqi51Qs"',
417 verbose headers   'x-readtime': '275' }
418 silly get cb [ 200,
418 silly get   { server: 'tnginx/OpenCloud_tnginx_1.3.0',
418 silly get     date: 'Wed, 30 May 2018 07:43:06 GMT',
418 silly get     'content-type': 'application/json; charset=utf-8',
418 silly get     'content-length': '192946',
418 silly get     connection: 'keep-alive',
418 silly get     'x-current-requests': '1',
418 silly get     etag: '"2f1b2-8Qa0Sy2X6JwQMnwkNHL7Mqi51Qs"',
418 silly get     'x-readtime': '275' } ]
419 verbose get saving lodash to /root/.npm/mirrors.tencentyun.com/npm/lodash/.cache.json
420 verbose correctMkdir /root/.npm correctMkdir not in flight; initializing
421 silly resolveWithNewModule lodash@4.17.10 checking installable status
422 silly cache add args [ 'lodash@^4.17.4', null ]
423 verbose cache add spec lodash@^4.17.4
424 silly cache add parsed spec Result {
424 silly cache add   raw: 'lodash@^4.17.4',
424 silly cache add   scope: null,
424 silly cache add   escapedName: 'lodash',
424 silly cache add   name: 'lodash',
424 silly cache add   rawSpec: '^4.17.4',
424 silly cache add   spec: '>=4.17.4 <5.0.0',
424 silly cache add   type: 'range' }
425 silly addNamed lodash@>=4.17.4 <5.0.0
426 verbose addNamed ">=4.17.4 <5.0.0" is a valid semver range for lodash
427 silly addNameRange { name: 'lodash', range: '>=4.17.4 <5.0.0', hasData: false }
428 silly mapToRegistry name lodash
429 silly mapToRegistry using default registry
430 silly mapToRegistry registry http://mirrors.tencentyun.com/npm/
431 silly mapToRegistry data Result {
431 silly mapToRegistry   raw: 'lodash',
431 silly mapToRegistry   scope: null,
431 silly mapToRegistry   escapedName: 'lodash',
431 silly mapToRegistry   name: 'lodash',
431 silly mapToRegistry   rawSpec: '',
431 silly mapToRegistry   spec: 'latest',
431 silly mapToRegistry   type: 'tag' }
432 silly mapToRegistry uri http://mirrors.tencentyun.com/npm/lodash
433 verbose addNameRange registry:http://mirrors.tencentyun.com/npm/lodash not in flight; fetching
434 verbose get http://mirrors.tencentyun.com/npm/lodash not expired, no request
435 silly addNameRange number 2 { name: 'lodash', range: '>=4.17.4 <5.0.0', hasData: true }
436 silly addNameRange versions [ 'lodash',
436 silly addNameRange   [ '4.17.10',
436 silly addNameRange     '4.17.9',
436 silly addNameRange     '4.17.5',
436 silly addNameRange     '4.17.4',
436 silly addNameRange     '4.17.3',
436 silly addNameRange     '4.17.2',
436 silly addNameRange     '4.17.1',
436 silly addNameRange     '4.17.0',
436 silly addNameRange     '4.16.6',
436 silly addNameRange     '4.16.5',
436 silly addNameRange     '4.16.4',
436 silly addNameRange     '4.16.3',
436 silly addNameRange     '4.16.2',
436 silly addNameRange     '4.16.1',
436 silly addNameRange     '4.16.0',
436 silly addNameRange     '4.15.0',
436 silly addNameRange     '4.14.2',
436 silly addNameRange     '4.14.1',
436 silly addNameRange     '4.14.0',
436 silly addNameRange     '4.13.1',
436 silly addNameRange     '4.13.0',
436 silly addNameRange     '4.12.0',
436 silly addNameRange     '4.11.2',
436 silly addNameRange     '4.11.1',
436 silly addNameRange     '4.11.0',
436 silly addNameRange     '4.10.0',
436 silly addNameRange     '4.9.0',
436 silly addNameRange     '4.8.2',
436 silly addNameRange     '4.8.1',
436 silly addNameRange     '4.8.0',
436 silly addNameRange     '4.7.0',
436 silly addNameRange     '4.6.1',
436 silly addNameRange     '4.6.0',
436 silly addNameRange     '4.5.1',
436 silly addNameRange     '4.5.0',
436 silly addNameRange     '4.4.0',
436 silly addNameRange     '4.3.0',
436 silly addNameRange     '4.2.1',
436 silly addNameRange     '4.2.0',
436 silly addNameRange     '4.1.0',
436 silly addNameRange     '4.0.1',
436 silly addNameRange     '4.0.0',
436 silly addNameRange     '3.10.1',
436 silly addNameRange     '3.10.0',
436 silly addNameRange     '3.9.3',
436 silly addNameRange     '3.9.2',
436 silly addNameRange     '3.9.1',
436 silly addNameRange     '3.9.0',
436 silly addNameRange     '3.8.0',
436 silly addNameRange     '2.4.2',
436 silly addNameRange     '3.7.0',
436 silly addNameRange     '1.0.2',
436 silly addNameRange     '3.6.0',
436 silly addNameRange     '3.5.0',
436 silly addNameRange     '3.4.0',
436 silly addNameRange     '3.3.1',
436 silly addNameRange     '3.3.0',
436 silly addNameRange     '3.2.0',
436 silly addNameRange     '3.1.0',
436 silly addNameRange     '3.0.1',
436 silly addNameRange     '3.0.0',
436 silly addNameRange     '2.4.1',
436 silly addNameRange     '2.4.0',
436 silly addNameRange     '2.3.0',
436 silly addNameRange     '2.2.1',
436 silly addNameRange     '2.2.0',
436 silly addNameRange     '2.1.0',
436 silly addNameRange     '2.0.0',
436 silly addNameRange     '1.3.1',
436 silly addNameRange     '1.3.0',
436 silly addNameRange     '1.2.1',
436 silly addNameRange     '1.2.0',
436 silly addNameRange     '1.1.1',
436 silly addNameRange     '1.1.0',
436 silly addNameRange     '1.0.1',
436 silly addNameRange     '1.0.0',
436 silly addNameRange     '1.0.0-rc.3',
436 silly addNameRange     '1.0.0-rc.2',
436 silly addNameRange     '1.0.0-rc.1',
436 silly addNameRange     '0.10.0',
436 silly addNameRange     '0.9.2',
436 silly addNameRange     '0.9.1',
436 silly addNameRange     '0.9.0',
436 silly addNameRange     '0.8.2',
436 silly addNameRange     '0.8.1',
436 silly addNameRange     '0.8.0',
436 silly addNameRange     '0.7.0',
436 silly addNameRange     '0.6.1',
436 silly addNameRange     '0.6.0',
436 silly addNameRange     '0.5.2',
436 silly addNameRange     '0.5.1',
436 silly addNameRange     '0.5.0',
436 silly addNameRange     '0.5.0-rc.1',
436 silly addNameRange     '0.4.2',
436 silly addNameRange     '0.4.1',
436 silly addNameRange     '0.4.0',
436 silly addNameRange     '0.3.2',
436 silly addNameRange     '0.3.1',
436 silly addNameRange     '0.3.0',
436 silly addNameRange     '0.2.2',
436 silly addNameRange     ... 3 more items ] ]
437 silly addNamed lodash@4.17.10
438 verbose addNamed "4.17.10" is a plain semver version for lodash
439 silly mapToRegistry name lodash
440 silly mapToRegistry using default registry
441 silly mapToRegistry registry http://mirrors.tencentyun.com/npm/
442 silly mapToRegistry data Result {
442 silly mapToRegistry   raw: 'lodash',
442 silly mapToRegistry   scope: null,
442 silly mapToRegistry   escapedName: 'lodash',
442 silly mapToRegistry   name: 'lodash',
442 silly mapToRegistry   rawSpec: '',
442 silly mapToRegistry   spec: 'latest',
442 silly mapToRegistry   type: 'tag' }
443 silly mapToRegistry uri http://mirrors.tencentyun.com/npm/lodash
444 verbose addRemoteTarball http://mirrors.tencentyun.com/npm/lodash/download/lodash-4.17.10.tgz not in flight; adding
445 verbose addRemoteTarball [ 'http://mirrors.tencentyun.com/npm/lodash/download/lodash-4.17.10.tgz',
445 verbose addRemoteTarball   '1b7793cf7259ea38fb3661d4d38b3260af8ae4e7' ]
446 info retry fetch attempt 1 at 下午3:43:06
447 info attempt registry request try #1 at 下午3:43:06
448 http fetch GET http://mirrors.tencentyun.com/npm/lodash/download/lodash-4.17.10.tgz
449 http fetch 200 http://mirrors.tencentyun.com/npm/knex/download/knex-0.13.0.tgz
450 http 200 http://mirrors.tencentyun.com/npm/koa
451 verbose headers { server: 'tnginx/OpenCloud_tnginx_1.3.0',
451 verbose headers   date: 'Wed, 30 May 2018 07:43:06 GMT',
451 verbose headers   'content-type': 'application/json; charset=utf-8',
451 verbose headers   'content-length': '296626',
451 verbose headers   connection: 'keep-alive',
451 verbose headers   'x-current-requests': '1',
451 verbose headers   etag: '"486b2-L++8NVbFcSBMGaKOxH2QotZGPgo"',
451 verbose headers   'x-readtime': '432' }
452 silly get cb [ 200,
452 silly get   { server: 'tnginx/OpenCloud_tnginx_1.3.0',
452 silly get     date: 'Wed, 30 May 2018 07:43:06 GMT',
452 silly get     'content-type': 'application/json; charset=utf-8',
452 silly get     'content-length': '296626',
452 silly get     connection: 'keep-alive',
452 silly get     'x-current-requests': '1',
452 silly get     etag: '"486b2-L++8NVbFcSBMGaKOxH2QotZGPgo"',
452 silly get     'x-readtime': '432' } ]
453 verbose get saving koa to /root/.npm/mirrors.tencentyun.com/npm/koa/.cache.json
454 verbose correctMkdir /root/.npm correctMkdir not in flight; initializing
455 http fetch 200 http://mirrors.tencentyun.com/npm/lodash/download/lodash-4.17.10.tgz
456 http 200 http://mirrors.tencentyun.com/npm/mysql
457 verbose headers { server: 'tnginx/OpenCloud_tnginx_1.3.0',
457 verbose headers   date: 'Wed, 30 May 2018 07:43:06 GMT',
457 verbose headers   'content-type': 'application/json; charset=utf-8',
457 verbose headers   'content-length': '153699',
457 verbose headers   connection: 'keep-alive',
457 verbose headers   'x-current-requests': '1',
457 verbose headers   etag: '"25863-YIDdzpeSpQqrlWK3C0tlibskroU"',
457 verbose headers   'x-readtime': '580' }
458 silly get cb [ 200,
458 silly get   { server: 'tnginx/OpenCloud_tnginx_1.3.0',
458 silly get     date: 'Wed, 30 May 2018 07:43:06 GMT',
458 silly get     'content-type': 'application/json; charset=utf-8',
458 silly get     'content-length': '153699',
458 silly get     connection: 'keep-alive',
458 silly get     'x-current-requests': '1',
458 silly get     etag: '"25863-YIDdzpeSpQqrlWK3C0tlibskroU"',
458 silly get     'x-readtime': '580' } ]
459 verbose get saving mysql to /root/.npm/mirrors.tencentyun.com/npm/mysql/.cache.json
460 verbose correctMkdir /root/.npm correctMkdir not in flight; initializing
461 silly resolveWithNewModule koa@2.3.0 checking installable status
462 silly cache add args [ 'koa@^2.0.0', null ]
463 verbose cache add spec koa@^2.0.0
464 silly cache add parsed spec Result {
464 silly cache add   raw: 'koa@^2.0.0',
464 silly cache add   scope: null,
464 silly cache add   escapedName: 'koa',
464 silly cache add   name: 'koa',
464 silly cache add   rawSpec: '^2.0.0',
464 silly cache add   spec: '>=2.0.0 <3.0.0',
464 silly cache add   type: 'range' }
465 silly addNamed koa@>=2.0.0 <3.0.0
466 verbose addNamed ">=2.0.0 <3.0.0" is a valid semver range for koa
467 silly addNameRange { name: 'koa', range: '>=2.0.0 <3.0.0', hasData: false }
468 silly mapToRegistry name koa
469 silly mapToRegistry using default registry
470 silly mapToRegistry registry http://mirrors.tencentyun.com/npm/
471 silly mapToRegistry data Result {
471 silly mapToRegistry   raw: 'koa',
471 silly mapToRegistry   scope: null,
471 silly mapToRegistry   escapedName: 'koa',
471 silly mapToRegistry   name: 'koa',
471 silly mapToRegistry   rawSpec: '',
471 silly mapToRegistry   spec: 'latest',
471 silly mapToRegistry   type: 'tag' }
472 silly mapToRegistry uri http://mirrors.tencentyun.com/npm/koa
473 verbose addNameRange registry:http://mirrors.tencentyun.com/npm/koa not in flight; fetching
474 silly resolveWithNewModule mysql@2.15.0 checking installable status
475 silly cache add args [ 'mysql@^2.14.1', null ]
476 verbose cache add spec mysql@^2.14.1
477 silly cache add parsed spec Result {
477 silly cache add   raw: 'mysql@^2.14.1',
477 silly cache add   scope: null,
477 silly cache add   escapedName: 'mysql',
477 silly cache add   name: 'mysql',
477 silly cache add   rawSpec: '^2.14.1',
477 silly cache add   spec: '>=2.14.1 <3.0.0',
477 silly cache add   type: 'range' }
478 silly addNamed mysql@>=2.14.1 <3.0.0
479 verbose addNamed ">=2.14.1 <3.0.0" is a valid semver range for mysql
480 silly addNameRange { name: 'mysql', range: '>=2.14.1 <3.0.0', hasData: false }
481 silly mapToRegistry name mysql
482 silly mapToRegistry using default registry
483 silly mapToRegistry registry http://mirrors.tencentyun.com/npm/
484 silly mapToRegistry data Result {
484 silly mapToRegistry   raw: 'mysql',
484 silly mapToRegistry   scope: null,
484 silly mapToRegistry   escapedName: 'mysql',
484 silly mapToRegistry   name: 'mysql',
484 silly mapToRegistry   rawSpec: '',
484 silly mapToRegistry   spec: 'latest',
484 silly mapToRegistry   type: 'tag' }
485 silly mapToRegistry uri http://mirrors.tencentyun.com/npm/mysql
486 verbose addNameRange registry:http://mirrors.tencentyun.com/npm/mysql not in flight; fetching
487 verbose get http://mirrors.tencentyun.com/npm/koa not expired, no request
488 silly addNameRange number 2 { name: 'koa', range: '>=2.0.0 <3.0.0', hasData: true }
489 silly addNameRange versions [ 'koa',
489 silly addNameRange   [ '2.3.0',
489 silly addNameRange     '1.4.0',
489 silly addNameRange     '2.2.0',
489 silly addNameRange     '1.3.0',
489 silly addNameRange     '2.1.0',
489 silly addNameRange     '2.0.1',
489 silly addNameRange     '2.0.0-alpha.8',
489 silly addNameRange     '1.2.5',
489 silly addNameRange     '2.0.0-alpha.7',
489 silly addNameRange     '1.2.4',
489 silly addNameRange     '1.2.3',
489 silly addNameRange     '1.2.2',
489 silly addNameRange     '2.0.0-alpha.6',
489 silly addNameRange     '2.0.0-alpha.5',
489 silly addNameRange     '2.0.0-alpha.4',
489 silly addNameRange     '1.2.1',
489 silly addNameRange     '2.0.0',
489 silly addNameRange     '1.2.0',
489 silly addNameRange     '1.1.2',
489 silly addNameRange     '2.0.0-alpha.3',
489 silly addNameRange     '2.0.0-alpha.2',
489 silly addNameRange     '2.0.0-alpha.1',
489 silly addNameRange     '1.1.1',
489 silly addNameRange     '1.1.0',
489 silly addNameRange     '1.0.0',
489 silly addNameRange     '0.21.0',
489 silly addNameRange     '0.20.0',
489 silly addNameRange     '0.19.1',
489 silly addNameRange     '0.19.0',
489 silly addNameRange     '0.18.1',
489 silly addNameRange     '0.18.0',
489 silly addNameRange     '0.17.0',
489 silly addNameRange     '0.16.0',
489 silly addNameRange     '0.15.0',
489 silly addNameRange     '0.14.0',
489 silly addNameRange     '0.13.0',
489 silly addNameRange     '0.12.2',
489 silly addNameRange     '0.12.1',
489 silly addNameRange     '0.12.0',
489 silly addNameRange     '0.11.0',
489 silly addNameRange     '0.10.0',
489 silly addNameRange     '0.9.0',
489 silly addNameRange     '0.8.2',
489 silly addNameRange     '0.8.1',
489 silly addNameRange     '0.8.0',
489 silly addNameRange     '0.7.0',
489 silly addNameRange     '0.6.3',
489 silly addNameRange     '0.6.2',
489 silly addNameRange     '0.6.1',
489 silly addNameRange     '0.6.0',
489 silly addNameRange     '0.5.5',
489 silly addNameRange     '0.5.4',
489 silly addNameRange     '0.5.3',
489 silly addNameRange     '0.5.2',
489 silly addNameRange     '0.5.1',
489 silly addNameRange     '0.5.0',
489 silly addNameRange     '0.3.0',
489 silly addNameRange     '0.4.0',
489 silly addNameRange     '0.2.1',
489 silly addNameRange     '0.2.0',
489 silly addNameRange     '0.1.2',
489 silly addNameRange     '0.1.1',
489 silly addNameRange     '0.1.0',
489 silly addNameRange     '0.0.2',
489 silly addNameRange     '0.0.1' ] ]
490 silly addNamed koa@2.3.0
491 verbose addNamed "2.3.0" is a plain semver version for koa
492 verbose get http://mirrors.tencentyun.com/npm/mysql not expired, no request
493 silly addNameRange number 2 { name: 'mysql', range: '>=2.14.1 <3.0.0', hasData: true }
494 silly addNameRange versions [ 'mysql',
494 silly addNameRange   [ '2.15.0',
494 silly addNameRange     '2.14.1',
494 silly addNameRange     '2.14.0',
494 silly addNameRange     '2.13.0',
494 silly addNameRange     '2.12.0',
494 silly addNameRange     '2.11.1',
494 silly addNameRange     '2.11.0',
494 silly addNameRange     '2.10.2',
494 silly addNameRange     '2.10.1',
494 silly addNameRange     '2.10.0',
494 silly addNameRange     '2.9.0',
494 silly addNameRange     '2.8.0',
494 silly addNameRange     '2.7.0',
494 silly addNameRange     '2.6.2',
494 silly addNameRange     '2.6.1',
494 silly addNameRange     '2.6.0',
494 silly addNameRange     '2.5.5',
494 silly addNameRange     '2.5.4',
494 silly addNameRange     '2.5.3',
494 silly addNameRange     '2.5.2',
494 silly addNameRange     '2.5.1',
494 silly addNameRange     '2.5.0',
494 silly addNameRange     '2.4.3',
494 silly addNameRange     '2.4.2',
494 silly addNameRange     '2.4.1',
494 silly addNameRange     '2.4.0',
494 silly addNameRange     '2.3.2',
494 silly addNameRange     '2.3.1',
494 silly addNameRange     '2.3.0',
494 silly addNameRange     '2.2.0',
494 silly addNameRange     '2.1.1',
494 silly addNameRange     '2.1.0',
494 silly addNameRange     '2.0.1',
494 silly addNameRange     '2.0.0',
494 silly addNameRange     '2.0.0-rc2',
494 silly addNameRange     '2.0.0-rc1',
494 silly addNameRange     '2.0.0-alpha9',
494 silly addNameRange     '2.0.0-alpha8',
494 silly addNameRange     '2.0.0-alpha7',
494 silly addNameRange     '2.0.0-alpha6',
494 silly addNameRange     '2.0.0-alpha5',
494 silly addNameRange     '2.0.0-alpha4',
494 silly addNameRange     '2.0.0-alpha3',
494 silly addNameRange     '2.0.0-alpha2',
494 silly addNameRange     '2.0.0-alpha',
494 silly addNameRange     '0.9.6',
494 silly addNameRange     '0.9.5',
494 silly addNameRange     '0.9.4',
494 silly addNameRange     '0.9.3',
494 silly addNameRange     '0.9.2',
494 silly addNameRange     '0.9.1',
494 silly addNameRange     '0.3.0',
494 silly addNameRange     '0.9.0',
494 silly addNameRange     '0.8.0',
494 silly addNameRange     '0.7.0',
494 silly addNameRange     '0.6.0',
494 silly addNameRange     '0.5.0',
494 silly addNameRange     '0.4.0',
494 silly addNameRange     '0.2.0',
494 silly addNameRange     '0.1.0' ] ]
495 silly addNamed mysql@2.15.0
496 verbose addNamed "2.15.0" is a plain semver version for mysql
497 silly mapToRegistry name koa
498 silly mapToRegistry using default registry
499 silly mapToRegistry registry http://mirrors.tencentyun.com/npm/
500 silly mapToRegistry data Result {
500 silly mapToRegistry   raw: 'koa',
500 silly mapToRegistry   scope: null,
500 silly mapToRegistry   escapedName: 'koa',
500 silly mapToRegistry   name: 'koa',
500 silly mapToRegistry   rawSpec: '',
500 silly mapToRegistry   spec: 'latest',
500 silly mapToRegistry   type: 'tag' }
501 silly mapToRegistry uri http://mirrors.tencentyun.com/npm/koa
502 verbose addRemoteTarball http://mirrors.tencentyun.com/npm/koa/download/koa-2.3.0.tgz not in flight; adding
503 verbose addRemoteTarball [ 'http://mirrors.tencentyun.com/npm/koa/download/koa-2.3.0.tgz',
503 verbose addRemoteTarball   '9e1e8e4da401839c57b8527eadc57f76127555a7' ]
504 silly mapToRegistry name mysql
505 silly mapToRegistry using default registry
506 silly mapToRegistry registry http://mirrors.tencentyun.com/npm/
507 silly mapToRegistry data Result {
507 silly mapToRegistry   raw: 'mysql',
507 silly mapToRegistry   scope: null,
507 silly mapToRegistry   escapedName: 'mysql',
507 silly mapToRegistry   name: 'mysql',
507 silly mapToRegistry   rawSpec: '',
507 silly mapToRegistry   spec: 'latest',
507 silly mapToRegistry   type: 'tag' }
508 silly mapToRegistry uri http://mirrors.tencentyun.com/npm/mysql
509 verbose addRemoteTarball http://mirrors.tencentyun.com/npm/mysql/download/mysql-2.15.0.tgz not in flight; adding
510 verbose addRemoteTarball [ 'http://mirrors.tencentyun.com/npm/mysql/download/mysql-2.15.0.tgz',
510 verbose addRemoteTarball   'ea16841156343e8f2e47fc8985ec41cdd9573b5c' ]
511 info retry fetch attempt 1 at 下午3:43:06
512 info attempt registry request try #1 at 下午3:43:06
513 http fetch GET http://mirrors.tencentyun.com/npm/koa/download/koa-2.3.0.tgz
514 info retry fetch attempt 1 at 下午3:43:06
515 info attempt registry request try #1 at 下午3:43:06
516 http fetch GET http://mirrors.tencentyun.com/npm/mysql/download/mysql-2.15.0.tgz
517 silly fetchAndShaCheck shasum 08dd494f6bb64928934eec9dac34787a14ca5fa4
518 verbose addTmpTarball /tmp/npm-3342-ccdcf8ab/mirrors.tencentyun.com/npm/knex/download/knex-0.13.0.tgz not in flight; adding
519 verbose addTmpTarball already have metadata; skipping unpack for knex@0.13.0
520 verbose correctMkdir /root/.npm correctMkdir not in flight; initializing
521 silly cache afterAdd knex@0.13.0
522 verbose afterAdd /root/.npm/knex/0.13.0/package/package.json not in flight; writing
523 verbose correctMkdir /root/.npm correctMkdir not in flight; initializing
524 verbose afterAdd /root/.npm/knex/0.13.0/package/package.json written
525 http fetch 200 http://mirrors.tencentyun.com/npm/koa/download/koa-2.3.0.tgz
526 http fetch 200 http://mirrors.tencentyun.com/npm/mysql/download/mysql-2.15.0.tgz
527 silly fetchAndShaCheck shasum 9e1e8e4da401839c57b8527eadc57f76127555a7
528 verbose addTmpTarball /tmp/npm-3342-ccdcf8ab/mirrors.tencentyun.com/npm/koa/download/koa-2.3.0.tgz not in flight; adding
529 verbose addTmpTarball already have metadata; skipping unpack for koa@2.3.0
530 verbose correctMkdir /root/.npm correctMkdir not in flight; initializing
531 silly cache afterAdd koa@2.3.0
532 verbose afterAdd /root/.npm/koa/2.3.0/package/package.json not in flight; writing
533 verbose correctMkdir /root/.npm correctMkdir not in flight; initializing
534 verbose afterAdd /root/.npm/koa/2.3.0/package/package.json written
535 silly fetchAndShaCheck shasum ea16841156343e8f2e47fc8985ec41cdd9573b5c
536 verbose addTmpTarball /tmp/npm-3342-ccdcf8ab/mirrors.tencentyun.com/npm/mysql/download/mysql-2.15.0.tgz not in flight; adding
537 verbose addTmpTarball already have metadata; skipping unpack for mysql@2.15.0
538 verbose correctMkdir /root/.npm correctMkdir not in flight; initializing
539 silly cache afterAdd mysql@2.15.0
540 verbose afterAdd /root/.npm/mysql/2.15.0/package/package.json not in flight; writing
541 verbose correctMkdir /root/.npm correctMkdir not in flight; initializing
542 verbose afterAdd /root/.npm/mysql/2.15.0/package/package.json written
543 silly fetchAndShaCheck shasum 1b7793cf7259ea38fb3661d4d38b3260af8ae4e7
544 verbose addTmpTarball /tmp/npm-3342-ccdcf8ab/mirrors.tencentyun.com/npm/lodash/download/lodash-4.17.10.tgz not in flight; adding
545 verbose addTmpTarball already have metadata; skipping unpack for lodash@4.17.10
546 verbose correctMkdir /root/.npm correctMkdir not in flight; initializing
547 silly cache afterAdd lodash@4.17.10
548 verbose afterAdd /root/.npm/lodash/4.17.10/package/package.json not in flight; writing
549 verbose correctMkdir /root/.npm correctMkdir not in flight; initializing
550 verbose afterAdd /root/.npm/lodash/4.17.10/package/package.json written
551 silly rollbackFailedOptional Starting
552 silly rollbackFailedOptional Finishing
553 silly runTopLevelLifecycles Finishing
554 silly install printInstalled
555 verbose stack Error: No compatible version found: wafer-node-sdk@^1.3.4
555 verbose stack Valid install targets:
555 verbose stack 1.0.5, 1.0.4, 1.0.3, 1.0.2, 1.0.1, 1.0.0
555 verbose stack
555 verbose stack     at pickVersionFromRegistryDocument (/usr/lib/node_modules/npm/lib/fetch-package-metadata.js:178:16)
555 verbose stack     at /usr/lib/node_modules/npm/node_modules.bundled/iferr/index.js:13:50
555 verbose stack     at /usr/lib/node_modules/npm/lib/utils/pulse-till-done.js:20:8
555 verbose stack     at saved (/usr/lib/node_modules/npm/lib/cache/caching-client.js:174:7)
555 verbose stack     at /usr/lib/node_modules/npm/node_modules.bundled/graceful-fs/polyfills.js:241:18
555 verbose stack     at FSReqWrap.oncomplete (fs.js:123:15)
556 verbose cwd /data/release/weapp
557 error Linux 3.10.0-514.21.1.el7.x86_64
558 error argv "/usr/bin/node" "/bin/npm" "install"
559 error node v6.14.2
560 error npm  v3.10.10
561 error code ETARGET
562 error notarget No compatible version found: wafer-node-sdk@^1.3.4
562 error notarget Valid install targets:
562 error notarget 1.0.5, 1.0.4, 1.0.3, 1.0.2, 1.0.1, 1.0.0
563 error notarget This is most likely not a problem with npm itself.
563 error notarget In most cases you or one of your dependencies are requesting
563 error notarget a package version that doesn't exist.
563 error notarget
563 error notarget It was specified as a dependency of 'koa-weapp-demo'
564 verbose exit [ 1, true ]
